jobfinder/android/app/build/intermediates/manifest_merge_blame_file/release/manifest-merger-blame-release-report.txt
1<?xml version="1.0" encoding="utf-8"?>
2<manifest xmlns:android="http://schemas.android.com/apk/res/android"
3    package="com.example.jobfinder"
4    android:versionCode="1"
5    android:versionName="1.0" >
6
7    <uses-sdk
8        android:minSdkVersion="23"
9        android:targetSdkVersion="34" />
10    <!--
11         Required to query activities that can process text, see:
12         https://developer.android.com/training/package-visibility and
13         https://developer.android.com/reference/android/content/Intent#ACTION_PROCESS_TEXT.
14
15         In particular, this is used by the Flutter engine in io.flutter.plugin.text.ProcessTextPlugin.
16    -->
17    <queries>
17-->src\main\AndroidManifest.xml:39:5-44:15
18        <intent>
18-->src\main\AndroidManifest.xml:40:9-43:18
19            <action android:name="android.intent.action.PROCESS_TEXT" />
19-->src\main\AndroidManifest.xml:41:13-72
19-->src\main\AndroidManifest.xml:41:21-70
20
21            <data android:mimeType="text/plain" />
21-->src\main\AndroidManifest.xml:42:13-50
21-->src\main\AndroidManifest.xml:42:19-48
22        </intent>
23    </queries>
24
25    <uses-permission android:name="android.permission.INTERNET" />
25-->[com.google.firebase:firebase-auth:23.1.0] AndroidManifest.xml:25:5-67
25-->[com.google.firebase:firebase-auth:23.1.0] AndroidManifest.xml:25:22-64
26    <uses-permission android:name="android.permission.ACCESS_NETWORK_STATE" />
26-->[com.google.firebase:firebase-auth:23.1.0] AndroidManifest.xml:26:5-79
26-->[com.google.firebase:firebase-auth:23.1.0] AndroidManifest.xml:26:22-76
27    <uses-permission android:name="com.google.android.providers.gsf.permission.READ_GSERVICES" />
27-->[com.google.android.recaptcha:recaptcha:18.5.1] AndroidManifest.xml:9:5-98
27-->[com.google.android.recaptcha:recaptcha:18.5.1] AndroidManifest.xml:9:22-95
28
29    <permission
29-->[androidx.core:core:1.13.1] AndroidManifest.xml:22:5-24:47
30        android:name="com.example.jobfinder.DYNAMIC_RECEIVER_NOT_EXPORTED_PERMISSION"
30-->[androidx.core:core:1.13.1] AndroidManifest.xml:23:9-81
31        android:protectionLevel="signature" />
31-->[androidx.core:core:1.13.1] AndroidManifest.xml:24:9-44
32
33    <uses-permission android:name="com.example.jobfinder.DYNAMIC_RECEIVER_NOT_EXPORTED_PERMISSION" />
33-->[androidx.core:core:1.13.1] AndroidManifest.xml:26:5-97
33-->[androidx.core:core:1.13.1] AndroidManifest.xml:26:22-94
34
35    <application
36        android:name="android.app.Application"
36-->src\main\AndroidManifest.xml:4:9-42
37        android:appComponentFactory="androidx.core.app.CoreComponentFactory"
37-->[androidx.core:core:1.13.1] AndroidManifest.xml:28:18-86
38        android:extractNativeLibs="false"
39        android:icon="@mipmap/ic_launcher"
39-->src\main\AndroidManifest.xml:5:9-43
40        android:label="jobfinder" >
40-->src\main\AndroidManifest.xml:3:9-34
41        <activity
41-->src\main\AndroidManifest.xml:6:9-27:20
42            android:name="com.example.jobfinder.MainActivity"
42-->src\main\AndroidManifest.xml:7:13-41
43            android:configChanges="orientation|keyboardHidden|keyboard|screenSize|smallestScreenSize|locale|layoutDirection|fontScale|screenLayout|density|uiMode"
43-->src\main\AndroidManifest.xml:12:13-163
44            android:exported="true"
44-->src\main\AndroidManifest.xml:8:13-36
45            android:hardwareAccelerated="true"
45-->src\main\AndroidManifest.xml:13:13-47
46            android:launchMode="singleTop"
46-->src\main\AndroidManifest.xml:9:13-43
47            android:taskAffinity=""
47-->src\main\AndroidManifest.xml:10:13-36
48            android:theme="@style/LaunchTheme"
48-->src\main\AndroidManifest.xml:11:13-47
49            android:windowSoftInputMode="adjustResize" >
49-->src\main\AndroidManifest.xml:14:13-55
50
51            <!--
52                 Specifies an Android theme to apply to this Activity as soon as
53                 the Android process has started. This theme is visible to the user
54                 while the Flutter UI initializes. After that, this theme continues
55                 to determine the Window background behind the Flutter UI.
56            -->
57            <meta-data
57-->src\main\AndroidManifest.xml:19:13-22:17
58                android:name="io.flutter.embedding.android.NormalTheme"
58-->src\main\AndroidManifest.xml:20:15-70
59                android:resource="@style/NormalTheme" />
59-->src\main\AndroidManifest.xml:21:15-52
60
61            <intent-filter>
61-->src\main\AndroidManifest.xml:23:13-26:29
62                <action android:name="android.intent.action.MAIN" />
62-->src\main\AndroidManifest.xml:24:17-68
62-->src\main\AndroidManifest.xml:24:25-66
63
64                <category android:name="android.intent.category.LAUNCHER" />
64-->src\main\AndroidManifest.xml:25:17-76
64-->src\main\AndroidManifest.xml:25:27-74
65            </intent-filter>
66        </activity>
67        <!--
68             Don't delete the meta-data below.
69             This is used by the Flutter tool to generate GeneratedPluginRegistrant.java
70        -->
71        <meta-data
71-->src\main\AndroidManifest.xml:30:9-32:33
72            android:name="flutterEmbedding"
72-->src\main\AndroidManifest.xml:31:13-44
73            android:value="2" />
73-->src\main\AndroidManifest.xml:32:13-30
74
75        <service
75-->[:cloud_firestore] AndroidManifest.xml:8:9-12:19
76            android:name="com.google.firebase.components.ComponentDiscoveryService"
76-->[:cloud_firestore] AndroidManifest.xml:8:18-89
77            android:directBootAware="true"
77-->[com.google.firebase:firebase-common:21.0.0] AndroidManifest.xml:32:13-43
78            android:exported="false" >
78-->[com.google.firebase:firebase-auth:23.1.0] AndroidManifest.xml:68:13-37
79            <meta-data
79-->[:cloud_firestore] AndroidManifest.xml:9:13-11:85
80                android:name="com.google.firebase.components:io.flutter.plugins.firebase.firestore.FlutterFirebaseFirestoreRegistrar"
80-->[:cloud_firestore] AndroidManifest.xml:10:17-134
81                android:value="com.google.firebase.components.ComponentRegistrar" />
81-->[:cloud_firestore] AndroidManifest.xml:11:17-82
82            <meta-data
82-->[:firebase_auth] AndroidManifest.xml:9:13-11:85
83                android:name="com.google.firebase.components:io.flutter.plugins.firebase.auth.FlutterFirebaseAuthRegistrar"
83-->[:firebase_auth] AndroidManifest.xml:10:17-124
84                android:value="com.google.firebase.components.ComponentRegistrar" />
84-->[:firebase_auth] AndroidManifest.xml:11:17-82
85            <meta-data
85-->[:firebase_core] AndroidManifest.xml:9:13-11:85
86                android:name="com.google.firebase.components:io.flutter.plugins.firebase.core.FlutterFirebaseCoreRegistrar"
86-->[:firebase_core] AndroidManifest.xml:10:17-124
87                android:value="com.google.firebase.components.ComponentRegistrar" />
87-->[:firebase_core] AndroidManifest.xml:11:17-82
88            <meta-data
88-->[com.google.firebase:firebase-auth:23.1.0] AndroidManifest.xml:69:13-71:85
89                android:name="com.google.firebase.components:com.google.firebase.auth.FirebaseAuthRegistrar"
89-->[com.google.firebase:firebase-auth:23.1.0] AndroidManifest.xml:70:17-109
90                android:value="com.google.firebase.components.ComponentRegistrar" />
90-->[com.google.firebase:firebase-auth:23.1.0] AndroidManifest.xml:71:17-82
91            <meta-data
91-->[com.google.firebase:firebase-firestore:25.1.1] AndroidManifest.xml:17:13-19:85
92                android:name="com.google.firebase.components:com.google.firebase.firestore.FirebaseFirestoreKtxRegistrar"
92-->[com.google.firebase:firebase-firestore:25.1.1] AndroidManifest.xml:18:17-122
93                android:value="com.google.firebase.components.ComponentRegistrar" />
93-->[com.google.firebase:firebase-firestore:25.1.1] AndroidManifest.xml:19:17-82
94            <meta-data
94-->[com.google.firebase:firebase-firestore:25.1.1] AndroidManifest.xml:20:13-22:85
95                android:name="com.google.firebase.components:com.google.firebase.firestore.FirestoreRegistrar"
95-->[com.google.firebase:firebase-firestore:25.1.1] AndroidManifest.xml:21:17-111
96                android:value="com.google.firebase.components.ComponentRegistrar" />
96-->[com.google.firebase:firebase-firestore:25.1.1] AndroidManifest.xml:22:17-82
97            <meta-data
97-->[com.google.firebase:firebase-common-ktx:21.0.0] AndroidManifest.xml:12:13-14:85
98                android:name="com.google.firebase.components:com.google.firebase.ktx.FirebaseCommonLegacyRegistrar"
98-->[com.google.firebase:firebase-common-ktx:21.0.0] AndroidManifest.xml:13:17-116
99                android:value="com.google.firebase.components.ComponentRegistrar" />
99-->[com.google.firebase:firebase-common-ktx:21.0.0] AndroidManifest.xml:14:17-82
100            <meta-data
100-->[com.google.firebase:firebase-common:21.0.0] AndroidManifest.xml:35:13-37:85
101                android:name="com.google.firebase.components:com.google.firebase.FirebaseCommonKtxRegistrar"
101-->[com.google.firebase:firebase-common:21.0.0] AndroidManifest.xml:36:17-109
102                android:value="com.google.firebase.components.ComponentRegistrar" />
102-->[com.google.firebase:firebase-common:21.0.0] AndroidManifest.xml:37:17-82
103        </service>
104
105        <activity
105-->[com.google.firebase:firebase-auth:23.1.0] AndroidManifest.xml:29:9-46:20
106            android:name="com.google.firebase.auth.internal.GenericIdpActivity"
106-->[com.google.firebase:firebase-auth:23.1.0] AndroidManifest.xml:30:13-80
107            android:excludeFromRecents="true"
107-->[com.google.firebase:firebase-auth:23.1.0] AndroidManifest.xml:31:13-46
108            android:exported="true"
108-->[com.google.firebase:firebase-auth:23.1.0] AndroidManifest.xml:32:13-36
109            android:launchMode="singleTask"
109-->[com.google.firebase:firebase-auth:23.1.0] AndroidManifest.xml:33:13-44
110            android:theme="@android:style/Theme.Translucent.NoTitleBar" >
110-->[com.google.firebase:firebase-auth:23.1.0] AndroidManifest.xml:34:13-72
111            <intent-filter>
111-->[com.google.firebase:firebase-auth:23.1.0] AndroidManifest.xml:35:13-45:29
112                <action android:name="android.intent.action.VIEW" />
112-->[com.google.firebase:firebase-auth:23.1.0] AndroidManifest.xml:36:17-69
112-->[com.google.firebase:firebase-auth:23.1.0] AndroidManifest.xml:36:25-66
113
114                <category android:name="android.intent.category.DEFAULT" />
114-->[com.google.firebase:firebase-auth:23.1.0] AndroidManifest.xml:38:17-76
114-->[com.google.firebase:firebase-auth:23.1.0] AndroidManifest.xml:38:27-73
115                <category android:name="android.intent.category.BROWSABLE" />
115-->[com.google.firebase:firebase-auth:23.1.0] AndroidManifest.xml:39:17-78
115-->[com.google.firebase:firebase-auth:23.1.0] AndroidManifest.xml:39:27-75
116
117                <data
117-->src\main\AndroidManifest.xml:42:13-50
118                    android:host="firebase.auth"
119                    android:path="/"
120                    android:scheme="genericidp" />
121            </intent-filter>
122        </activity>
123        <activity
123-->[com.google.firebase:firebase-auth:23.1.0] AndroidManifest.xml:47:9-64:20
124            android:name="com.google.firebase.auth.internal.RecaptchaActivity"
124-->[com.google.firebase:firebase-auth:23.1.0] AndroidManifest.xml:48:13-79
125            android:excludeFromRecents="true"
125-->[com.google.firebase:firebase-auth:23.1.0] AndroidManifest.xml:49:13-46
126            android:exported="true"
126-->[com.google.firebase:firebase-auth:23.1.0] AndroidManifest.xml:50:13-36
127            android:launchMode="singleTask"
127-->[com.google.firebase:firebase-auth:23.1.0] AndroidManifest.xml:51:13-44
128            android:theme="@android:style/Theme.Translucent.NoTitleBar" >
128-->[com.google.firebase:firebase-auth:23.1.0] AndroidManifest.xml:52:13-72
129            <intent-filter>
129-->[com.google.firebase:firebase-auth:23.1.0] AndroidManifest.xml:53:13-63:29
130                <action android:name="android.intent.action.VIEW" />
130-->[com.google.firebase:firebase-auth:23.1.0] AndroidManifest.xml:36:17-69
130-->[com.google.firebase:firebase-auth:23.1.0] AndroidManifest.xml:36:25-66
131
132                <category android:name="android.intent.category.DEFAULT" />
132-->[com.google.firebase:firebase-auth:23.1.0] AndroidManifest.xml:38:17-76
132-->[com.google.firebase:firebase-auth:23.1.0] AndroidManifest.xml:38:27-73
133                <category android:name="android.intent.category.BROWSABLE" />
133-->[com.google.firebase:firebase-auth:23.1.0] AndroidManifest.xml:39:17-78
133-->[com.google.firebase:firebase-auth:23.1.0] AndroidManifest.xml:39:27-75
134
135                <data
135-->src\main\AndroidManifest.xml:42:13-50
136                    android:host="firebase.auth"
137                    android:path="/"
138                    android:scheme="recaptcha" />
139            </intent-filter>
140        </activity>
141
142        <service
142-->[androidx.credentials:credentials-play-services-auth:1.2.0-rc01] AndroidManifest.xml:24:9-32:19
143            android:name="androidx.credentials.playservices.CredentialProviderMetadataHolder"
143-->[androidx.credentials:credentials-play-services-auth:1.2.0-rc01] AndroidManifest.xml:25:13-94
144            android:enabled="true"
144-->[androidx.credentials:credentials-play-services-auth:1.2.0-rc01] AndroidManifest.xml:26:13-35
145            android:exported="false" >
145-->[androidx.credentials:credentials-play-services-auth:1.2.0-rc01] AndroidManifest.xml:27:13-37
146            <meta-data
146-->[androidx.credentials:credentials-play-services-auth:1.2.0-rc01] AndroidManifest.xml:29:13-31:104
147                android:name="androidx.credentials.CREDENTIAL_PROVIDER_KEY"
147-->[androidx.credentials:credentials-play-services-auth:1.2.0-rc01] AndroidManifest.xml:30:17-76
148                android:value="androidx.credentials.playservices.CredentialProviderPlayServicesImpl" />
148-->[androidx.credentials:credentials-play-services-auth:1.2.0-rc01] AndroidManifest.xml:31:17-101
149        </service>
150
151        <activity
151-->[androidx.credentials:credentials-play-services-auth:1.2.0-rc01] AndroidManifest.xml:34:9-41:20
152            android:name="androidx.credentials.playservices.HiddenActivity"
152-->[androidx.credentials:credentials-play-services-auth:1.2.0-rc01] AndroidManifest.xml:35:13-76
153            android:configChanges="orientation|screenSize|screenLayout|keyboardHidden"
153-->[androidx.credentials:credentials-play-services-auth:1.2.0-rc01] AndroidManifest.xml:36:13-87
154            android:enabled="true"
154-->[androidx.credentials:credentials-play-services-auth:1.2.0-rc01] AndroidManifest.xml:37:13-35
155            android:exported="false"
155-->[androidx.credentials:credentials-play-services-auth:1.2.0-rc01] AndroidManifest.xml:38:13-37
156            android:fitsSystemWindows="true"
156-->[androidx.credentials:credentials-play-services-auth:1.2.0-rc01] AndroidManifest.xml:39:13-45
157            android:theme="@style/Theme.Hidden" >
157-->[androidx.credentials:credentials-play-services-auth:1.2.0-rc01] AndroidManifest.xml:40:13-48
158        </activity>
159
160        <provider
160-->[com.google.firebase:firebase-common:21.0.0] AndroidManifest.xml:23:9-28:39
161            android:name="com.google.firebase.provider.FirebaseInitProvider"
161-->[com.google.firebase:firebase-common:21.0.0] AndroidManifest.xml:24:13-77
162            android:authorities="com.example.jobfinder.firebaseinitprovider"
162-->[com.google.firebase:firebase-common:21.0.0] AndroidManifest.xml:25:13-72
163            android:directBootAware="true"
163-->[com.google.firebase:firebase-common:21.0.0] AndroidManifest.xml:26:13-43
164            android:exported="false"
164-->[com.google.firebase:firebase-common:21.0.0] AndroidManifest.xml:27:13-37
165            android:initOrder="100" />
165-->[com.google.firebase:firebase-common:21.0.0] AndroidManifest.xml:28:13-36
166
167        <activity
167-->[com.google.android.gms:play-services-auth:20.7.0] AndroidManifest.xml:23:9-27:75
168            android:name="com.google.android.gms.auth.api.signin.internal.SignInHubActivity"
168-->[com.google.android.gms:play-services-auth:20.7.0] AndroidManifest.xml:24:13-93
169            android:excludeFromRecents="true"
169-->[com.google.android.gms:play-services-auth:20.7.0] AndroidManifest.xml:25:13-46
170            android:exported="false"
170-->[com.google.android.gms:play-services-auth:20.7.0] AndroidManifest.xml:26:13-37
171            android:theme="@android:style/Theme.Translucent.NoTitleBar" />
171-->[com.google.android.gms:play-services-auth:20.7.0] AndroidManifest.xml:27:13-72
172        <!--
173            Service handling Google Sign-In user revocation. For apps that do not integrate with
174            Google Sign-In, this service will never be started.
175        -->
176        <service
176-->[com.google.android.gms:play-services-auth:20.7.0] AndroidManifest.xml:33:9-37:51
177            android:name="com.google.android.gms.auth.api.signin.RevocationBoundService"
177-->[com.google.android.gms:play-services-auth:20.7.0] AndroidManifest.xml:34:13-89
178            android:exported="true"
178-->[com.google.android.gms:play-services-auth:20.7.0] AndroidManifest.xml:35:13-36
179            android:permission="com.google.android.gms.auth.api.signin.permission.REVOCATION_NOTIFICATION"
179-->[com.google.android.gms:play-services-auth:20.7.0] AndroidManifest.xml:36:13-107
180            android:visibleToInstantApps="true" />
180-->[com.google.android.gms:play-services-auth:20.7.0] AndroidManifest.xml:37:13-48
181
182        <activity
182-->[com.google.android.gms:play-services-base:18.0.1] AndroidManifest.xml:20:9-22:45
183            android:name="com.google.android.gms.common.api.GoogleApiActivity"
183-->[com.google.android.gms:play-services-base:18.0.1] AndroidManifest.xml:20:19-85
184            android:exported="false"
184-->[com.google.android.gms:play-services-base:18.0.1] AndroidManifest.xml:22:19-43
185            android:theme="@android:style/Theme.Translucent.NoTitleBar" />
185-->[com.google.android.gms:play-services-base:18.0.1] AndroidManifest.xml:21:19-78
186
187        <uses-library
187-->[androidx.window:window:1.2.0] AndroidManifest.xml:23:9-25:40
188            android:name="androidx.window.extensions"
188-->[androidx.window:window:1.2.0] AndroidManifest.xml:24:13-54
189            android:required="false" />
189-->[androidx.window:window:1.2.0] AndroidManifest.xml:25:13-37
190        <uses-library
190-->[androidx.window:window:1.2.0] AndroidManifest.xml:26:9-28:40
191            android:name="androidx.window.sidecar"
191-->[androidx.window:window:1.2.0] AndroidManifest.xml:27:13-51
192            android:required="false" />
192-->[androidx.window:window:1.2.0] AndroidManifest.xml:28:13-37
193
194        <provider
194-->[androidx.emoji2:emoji2:1.2.0] AndroidManifest.xml:24:9-32:20
195            android:name="androidx.startup.InitializationProvider"
195-->[androidx.emoji2:emoji2:1.2.0] AndroidManifest.xml:25:13-67
196            android:authorities="com.example.jobfinder.androidx-startup"
196-->[androidx.emoji2:emoji2:1.2.0] AndroidManifest.xml:26:13-68
197            android:exported="false" >
197-->[androidx.emoji2:emoji2:1.2.0] AndroidManifest.xml:27:13-37
198            <meta-data
198-->[androidx.emoji2:emoji2:1.2.0] AndroidManifest.xml:29:13-31:52
199                android:name="androidx.emoji2.text.EmojiCompatInitializer"
199-->[androidx.emoji2:emoji2:1.2.0] AndroidManifest.xml:30:17-75
200                android:value="androidx.startup" />
200-->[androidx.emoji2:emoji2:1.2.0] AndroidManifest.xml:31:17-49
201            <meta-data
201-->[androidx.lifecycle:lifecycle-process:2.7.0] AndroidManifest.xml:29:13-31:52
202                android:name="androidx.lifecycle.ProcessLifecycleInitializer"
202-->[androidx.lifecycle:lifecycle-process:2.7.0] AndroidManifest.xml:30:17-78
203                android:value="androidx.startup" />
203-->[androidx.lifecycle:lifecycle-process:2.7.0] AndroidManifest.xml:31:17-49
204            <meta-data
204-->[androidx.profileinstaller:profileinstaller:1.3.1] AndroidManifest.xml:29:13-31:52
205                android:name="androidx.profileinstaller.ProfileInstallerInitializer"
205-->[androidx.profileinstaller:profileinstaller:1.3.1] AndroidManifest.xml:30:17-85
206                android:value="androidx.startup" />
206-->[androidx.profileinstaller:profileinstaller:1.3.1] AndroidManifest.xml:31:17-49
207        </provider>
208
209        <meta-data
209-->[com.google.android.gms:play-services-basement:18.4.0] AndroidManifest.xml:6:9-122
210            android:name="com.google.android.gms.version"
210-->[com.google.android.gms:play-services-basement:18.4.0] AndroidManifest.xml:6:20-65
211            android:value="@integer/google_play_services_version" />
211-->[com.google.android.gms:play-services-basement:18.4.0] AndroidManifest.xml:6:66-119
212
213        <receiver
213-->[androidx.profileinstaller:profileinstaller:1.3.1] AndroidManifest.xml:34:9-52:20
214            android:name="androidx.profileinstaller.ProfileInstallReceiver"
214-->[androidx.profileinstaller:profileinstaller:1.3.1] AndroidManifest.xml:35:13-76
215            android:directBootAware="false"
215-->[androidx.profileinstaller:profileinstaller:1.3.1] AndroidManifest.xml:36:13-44
216            android:enabled="true"
216-->[androidx.profileinstaller:profileinstaller:1.3.1] AndroidManifest.xml:37:13-35
217            android:exported="true"
217-->[androidx.profileinstaller:profileinstaller:1.3.1] AndroidManifest.xml:38:13-36
218            android:permission="android.permission.DUMP" >
218-->[androidx.profileinstaller:profileinstaller:1.3.1] AndroidManifest.xml:39:13-57
219            <intent-filter>
219-->[androidx.profileinstaller:profileinstaller:1.3.1] AndroidManifest.xml:40:13-42:29
220                <action android:name="androidx.profileinstaller.action.INSTALL_PROFILE" />
220-->[androidx.profileinstaller:profileinstaller:1.3.1] AndroidManifest.xml:41:17-91
220-->[androidx.profileinstaller:profileinstaller:1.3.1] AndroidManifest.xml:41:25-88
221            </intent-filter>
222            <intent-filter>
222-->[androidx.profileinstaller:profileinstaller:1.3.1] AndroidManifest.xml:43:13-45:29
223                <action android:name="androidx.profileinstaller.action.SKIP_FILE" />
223-->[androidx.profileinstaller:profileinstaller:1.3.1] AndroidManifest.xml:44:17-85
223-->[androidx.profileinstaller:profileinstaller:1.3.1] AndroidManifest.xml:44:25-82
224            </intent-filter>
225            <intent-filter>
225-->[androidx.profileinstaller:profileinstaller:1.3.1] AndroidManifest.xml:46:13-48:29
226                <action android:name="androidx.profileinstaller.action.SAVE_PROFILE" />
226-->[androidx.profileinstaller:profileinstaller:1.3.1] AndroidManifest.xml:47:17-88
226-->[androidx.profileinstaller:profileinstaller:1.3.1] AndroidManifest.xml:47:25-85
227            </intent-filter>
228            <intent-filter>
228-->[androidx.profileinstaller:profileinstaller:1.3.1] AndroidManifest.xml:49:13-51:29
229                <action android:name="androidx.profileinstaller.action.BENCHMARK_OPERATION" />
229-->[androidx.profileinstaller:profileinstaller:1.3.1] AndroidManifest.xml:50:17-95
229-->[androidx.profileinstaller:profileinstaller:1.3.1] AndroidManifest.xml:50:25-92
230            </intent-filter>
231        </receiver> <!-- The activities will be merged into the manifest of the hosting app. -->
232        <activity
232-->[com.google.android.play:core-common:2.0.3] AndroidManifest.xml:14:9-18:65
233            android:name="com.google.android.play.core.common.PlayCoreDialogWrapperActivity"
233-->[com.google.android.play:core-common:2.0.3] AndroidManifest.xml:15:13-93
234            android:exported="false"
234-->[com.google.android.play:core-common:2.0.3] AndroidManifest.xml:16:13-37
235            android:stateNotNeeded="true"
235-->[com.google.android.play:core-common:2.0.3] AndroidManifest.xml:17:13-42
236            android:theme="@style/Theme.PlayCore.Transparent" />
236-->[com.google.android.play:core-common:2.0.3] AndroidManifest.xml:18:13-62
237    </application>
238
239</manifest>